<?xml version="1.0" encoding="UTF-8"?>
<testsuite xmlns:xsi="http://www.w3.org/2001/XMLSchema-instance" xsi:noNamespaceSchemaLocation="https://maven.apache.org/surefire/maven-surefire-plugin/xsd/surefire-test-report.xsd" name="br.ufsc.ine5410.TransactionProcessorTest" time="0.635" tests="4" errors="0" skipped="0" failures="0">
  <properties>
    <property name="awt.toolkit" value="sun.awt.X11.XToolkit"/>
    <property name="file.encoding.pkg" value="sun.io"/>
    <property name="java.specification.version" value="1.8"/>
    <property name="sun.cpu.isalist" value=""/>
    <property name="sun.jnu.encoding" value="UTF-8"/>
    <property name="java.class.path" value="/home/takato/Terceira-Fase/INE5410/Trab02/t2/target/test-classes:/home/takato/Terceira-Fase/INE5410/Trab02/t2/target/classes:/home/takato/.m2/repository/junit/junit/4.11/junit-4.11.jar:/home/takato/.m2/repository/org/hamcrest/hamcrest-core/1.3/hamcrest-core-1.3.jar:/home/takato/.m2/repository/com/google/code/findbugs/jsr305/3.0.2/jsr305-3.0.2.jar:/home/takato/.m2/repository/org/apache/commons/commons-lang3/3.8/commons-lang3-3.8.jar:/home/takato/.m2/repository/args4j/args4j/2.33/args4j-2.33.jar:"/>
    <property name="java.vm.vendor" value="Oracle Corporation"/>
    <property name="sun.arch.data.model" value="64"/>
    <property name="java.vendor.url" value="http://java.oracle.com/"/>
    <property name="user.timezone" value=""/>
    <property name="java.vm.specification.version" value="1.8"/>
    <property name="os.name" value="Linux"/>
    <property name="user.country" value="BR"/>
    <property name="sun.java.launcher" value="SUN_STANDARD"/>
    <property name="sun.boot.library.path" value="/usr/lib/jvm/java-8-openjdk/jre/lib/amd64"/>
    <property name="sun.java.command" value="/home/takato/Terceira-Fase/INE5410/Trab02/t2/target/surefire/surefirebooter7003740140760719742.jar /home/takato/Terceira-Fase/INE5410/Trab02/t2/target/surefire 2018-11-24T18-22-01_110-jvmRun1 surefire8082451917426667153tmp surefire_02502004420611642187tmp"/>
    <property name="surefire.test.class.path" value="/home/takato/Terceira-Fase/INE5410/Trab02/t2/target/test-classes:/home/takato/Terceira-Fase/INE5410/Trab02/t2/target/classes:/home/takato/.m2/repository/junit/junit/4.11/junit-4.11.jar:/home/takato/.m2/repository/org/hamcrest/hamcrest-core/1.3/hamcrest-core-1.3.jar:/home/takato/.m2/repository/com/google/code/findbugs/jsr305/3.0.2/jsr305-3.0.2.jar:/home/takato/.m2/repository/org/apache/commons/commons-lang3/3.8/commons-lang3-3.8.jar:/home/takato/.m2/repository/args4j/args4j/2.33/args4j-2.33.jar:"/>
    <property name="sun.cpu.endian" value="little"/>
    <property name="user.home" value="/home/takato"/>
    <property name="user.language" value="pt"/>
    <property name="java.specification.vendor" value="Oracle Corporation"/>
    <property name="java.home" value="/usr/lib/jvm/java-8-openjdk/jre"/>
    <property name="basedir" value="/home/takato/Terceira-Fase/INE5410/Trab02/t2"/>
    <property name="file.separator" value="/"/>
    <property name="line.separator" value="&#10;"/>
    <property name="java.vm.specification.vendor" value="Oracle Corporation"/>
    <property name="java.specification.name" value="Java Platform API Specification"/>
    <property name="java.awt.graphicsenv" value="sun.awt.X11GraphicsEnvironment"/>
    <property name="surefire.real.class.path" value="/home/takato/Terceira-Fase/INE5410/Trab02/t2/target/surefire/surefirebooter7003740140760719742.jar"/>
    <property name="sun.boot.class.path" value="/usr/lib/jvm/java-8-openjdk/jre/lib/resources.jar:/usr/lib/jvm/java-8-openjdk/jre/lib/rt.jar:/usr/lib/jvm/java-8-openjdk/jre/lib/sunrsasign.jar:/usr/lib/jvm/java-8-openjdk/jre/lib/jsse.jar:/usr/lib/jvm/java-8-openjdk/jre/lib/jce.jar:/usr/lib/jvm/java-8-openjdk/jre/lib/charsets.jar:/usr/lib/jvm/java-8-openjdk/jre/lib/jfr.jar:/usr/lib/jvm/java-8-openjdk/jre/classes"/>
    <property name="sun.management.compiler" value="HotSpot 64-Bit Tiered Compilers"/>
    <property name="java.runtime.version" value="1.8.0_192-b26"/>
    <property name="user.name" value="takato"/>
    <property name="path.separator" value=":"/>
    <property name="os.version" value="4.19.2-arch1-1-ARCH"/>
    <property name="java.endorsed.dirs" value="/usr/lib/jvm/java-8-openjdk/jre/lib/endorsed"/>
    <property name="java.runtime.name" value="OpenJDK Runtime Environment"/>
    <property name="file.encoding" value="UTF-8"/>
    <property name="java.vm.name" value="OpenJDK 64-Bit Server VM"/>
    <property name="localRepository" value="/home/takato/.m2/repository"/>
    <property name="java.vendor.url.bug" value="http://bugreport.sun.com/bugreport/"/>
    <property name="java.io.tmpdir" value="/tmp"/>
    <property name="java.version" value="1.8.0_192"/>
    <property name="user.dir" value="/home/takato/Terceira-Fase/INE5410/Trab02/t2"/>
    <property name="os.arch" value="amd64"/>
    <property name="java.vm.specification.name" value="Java Virtual Machine Specification"/>
    <property name="java.awt.printerjob" value="sun.print.PSPrinterJob"/>
    <property name="sun.os.patch.level" value="unknown"/>
    <property name="java.library.path" value="/usr/java/packages/lib/amd64:/usr/lib64:/lib64:/lib:/usr/lib"/>
    <property name="java.vm.info" value="mixed mode"/>
    <property name="java.vendor" value="Oracle Corporation"/>
    <property name="java.vm.version" value="25.192-b26"/>
    <property name="java.ext.dirs" value="/usr/lib/jvm/java-8-openjdk/jre/lib/ext:/usr/java/packages/lib/ext"/>
    <property name="sun.io.unicode.encoding" value="UnicodeLittle"/>
    <property name="java.class.version" value="52.0"/>
  </properties>
  <testcase name="testSecondClose" classname="br.ufsc.ine5410.TransactionProcessorTest" time="0.045"/>
  <testcase name="testChecksStock" classname="br.ufsc.ine5410.TransactionProcessorTest" time="0.041"/>
  <testcase name="testDeadlock" classname="br.ufsc.ine5410.TransactionProcessorTest" time="0.385"/>
  <testcase name="testTransfers" classname="br.ufsc.ine5410.TransactionProcessorTest" time="0.041"/>
</testsuite>